2018-02-13 at 10:15:02 CST DEBUG org.springframework.aop.framework.CglibAopProxy 157 getProxy - Creating CGLIB proxy: target source is SingletonTargetSource for target object [proxyDemo.staticProxy.HelloImpl@61230f6a]
2018-02-13 at 10:15:02 CST DEBUG org.springframework.aop.framework.CglibAopProxy$ProxyCallbackFilter 851 accept - Unable to apply any optimizations to advised method: public void proxyDemo.staticProxy.HelloImpl.say(java.lang.String)
2018-02-13 at 10:15:02 CST DEBUG org.springframework.aop.framework.CglibAopProxy$ProxyCallbackFilter 815 accept - Found 'equals' method: public boolean java.lang.Object.equals(java.lang.Object)
2018-02-13 at 10:15:02 CST DEBUG org.springframework.aop.framework.CglibAopProxy$ProxyCallbackFilter 851 accept - Unable to apply any optimizations to advised method: public java.lang.String java.lang.Object.toString()
2018-02-13 at 10:15:02 CST DEBUG org.springframework.aop.framework.CglibAopProxy$ProxyCallbackFilter 820 accept - Found 'hashCode' method: public native int java.lang.Object.hashCode()
2018-02-13 at 10:15:02 CST DEBUG org.springframework.aop.framework.CglibAopProxy$ProxyCallbackFilter 851 accept - Unable to apply any optimizations to advised method: protected native java.lang.Object java.lang.Object.clone() throws java.lang.CloneNotSupportedException
2018-02-13 at 10:15:02 CST DEBUG org.springframework.aop.framework.CglibAopProxy$ProxyCallbackFilter 809 accept - Method is declared on Advised interface: public abstract int org.springframework.aop.framework.Advised.indexOf(org.springframework.aop.Advisor)
2018-02-13 at 10:15:02 CST DEBUG org.springframework.aop.framework.CglibAopProxy$ProxyCallbackFilter 809 accept - Method is declared on Advised interface: public abstract int org.springframework.aop.framework.Advised.indexOf(org.aopalliance.aop.Advice)
2018-02-13 at 10:15:02 CST DEBUG org.springframework.aop.framework.CglibAopProxy$ProxyCallbackFilter 809 accept - Method is declared on Advised interface: public abstract boolean org.springframework.aop.framework.Advised.isFrozen()
2018-02-13 at 10:15:02 CST DEBUG org.springframework.aop.framework.CglibAopProxy$ProxyCallbackFilter 809 accept - Method is declared on Advised interface: public abstract void org.springframework.aop.framework.Advised.addAdvice(org.aopalliance.aop.Advice) throws org.springframework.aop.framework.AopConfigException
2018-02-13 at 10:15:02 CST DEBUG org.springframework.aop.framework.CglibAopProxy$ProxyCallbackFilter 809 accept - Method is declared on Advised interface: public abstract void org.springframework.aop.framework.Advised.addAdvice(int,org.aopalliance.aop.Advice) throws org.springframework.aop.framework.AopConfigException
2018-02-13 at 10:15:02 CST DEBUG org.springframework.aop.framework.CglibAopProxy$ProxyCallbackFilter 809 accept - Method is declared on Advised interface: public abstract java.lang.Class[] org.springframework.aop.framework.Advised.getProxiedInterfaces()
2018-02-13 at 10:15:02 CST DEBUG org.springframework.aop.framework.CglibAopProxy$ProxyCallbackFilter 809 accept - Method is declared on Advised interface: public abstract boolean org.springframework.aop.framework.Advised.isInterfaceProxied(java.lang.Class)
2018-02-13 at 10:15:02 CST DEBUG org.springframework.aop.framework.CglibAopProxy$ProxyCallbackFilter 809 accept - Method is declared on Advised interface: public abstract void org.springframework.aop.framework.Advised.setTargetSource(org.springframework.aop.TargetSource)
2018-02-13 at 10:15:02 CST DEBUG org.springframework.aop.framework.CglibAopProxy$ProxyCallbackFilter 809 accept - Method is declared on Advised interface: public abstract org.springframework.aop.TargetSource org.springframework.aop.framework.Advised.getTargetSource()
2018-02-13 at 10:15:02 CST DEBUG org.springframework.aop.framework.CglibAopProxy$ProxyCallbackFilter 809 accept - Method is declared on Advised interface: public abstract void org.springframework.aop.framework.Advised.setPreFiltered(boolean)
2018-02-13 at 10:15:02 CST DEBUG org.springframework.aop.framework.CglibAopProxy$ProxyCallbackFilter 809 accept - Method is declared on Advised interface: public abstract boolean org.springframework.aop.framework.Advised.isPreFiltered()
2018-02-13 at 10:15:02 CST DEBUG org.springframework.aop.framework.CglibAopProxy$ProxyCallbackFilter 809 accept - Method is declared on Advised interface: public abstract org.springframework.aop.Advisor[] org.springframework.aop.framework.Advised.getAdvisors()
2018-02-13 at 10:15:02 CST DEBUG org.springframework.aop.framework.CglibAopProxy$ProxyCallbackFilter 809 accept - Method is declared on Advised interface: public abstract void org.springframework.aop.framework.Advised.addAdvisor(int,org.springframework.aop.Advisor) throws org.springframework.aop.framework.AopConfigException
2018-02-13 at 10:15:02 CST DEBUG org.springframework.aop.framework.CglibAopProxy$ProxyCallbackFilter 809 accept - Method is declared on Advised interface: public abstract void org.springframework.aop.framework.Advised.addAdvisor(org.springframework.aop.Advisor) throws org.springframework.aop.framework.AopConfigException
2018-02-13 at 10:15:02 CST DEBUG org.springframework.aop.framework.CglibAopProxy$ProxyCallbackFilter 809 accept - Method is declared on Advised interface: public abstract boolean org.springframework.aop.framework.Advised.removeAdvisor(org.springframework.aop.Advisor)
2018-02-13 at 10:15:02 CST DEBUG org.springframework.aop.framework.CglibAopProxy$ProxyCallbackFilter 809 accept - Method is declared on Advised interface: public abstract void org.springframework.aop.framework.Advised.removeAdvisor(int) throws org.springframework.aop.framework.AopConfigException
2018-02-13 at 10:15:02 CST DEBUG org.springframework.aop.framework.CglibAopProxy$ProxyCallbackFilter 809 accept - Method is declared on Advised interface: public abstract boolean org.springframework.aop.framework.Advised.replaceAdvisor(org.springframework.aop.Advisor,org.springframework.aop.Advisor) throws org.springframework.aop.framework.AopConfigException
2018-02-13 at 10:15:02 CST DEBUG org.springframework.aop.framework.CglibAopProxy$ProxyCallbackFilter 809 accept - Method is declared on Advised interface: public abstract boolean org.springframework.aop.framework.Advised.removeAdvice(org.aopalliance.aop.Advice)
2018-02-13 at 10:15:02 CST DEBUG org.springframework.aop.framework.CglibAopProxy$ProxyCallbackFilter 809 accept - Method is declared on Advised interface: public abstract java.lang.String org.springframework.aop.framework.Advised.toProxyConfigString()
2018-02-13 at 10:15:02 CST DEBUG org.springframework.aop.framework.CglibAopProxy$ProxyCallbackFilter 809 accept - Method is declared on Advised interface: public abstract boolean org.springframework.aop.framework.Advised.isProxyTargetClass()
2018-02-13 at 10:15:02 CST DEBUG org.springframework.aop.framework.CglibAopProxy$ProxyCallbackFilter 809 accept - Method is declared on Advised interface: public abstract void org.springframework.aop.framework.Advised.setExposeProxy(boolean)
2018-02-13 at 10:15:02 CST DEBUG org.springframework.aop.framework.CglibAopProxy$ProxyCallbackFilter 809 accept - Method is declared on Advised interface: public abstract boolean org.springframework.aop.framework.Advised.isExposeProxy()
2018-02-13 at 10:15:02 CST DEBUG org.springframework.aop.framework.CglibAopProxy$ProxyCallbackFilter 809 accept - Method is declared on Advised interface: public abstract java.lang.Class org.springframework.aop.TargetClassAware.getTargetClass()
